build/intermediates/manifest_merge_blame_file/debug/manifest-merger-blame-debug-report.txt
1<?xml version="1.0" encoding="utf-8"?>
2<manifest xmlns:android="http://schemas.android.com/apk/res/android"
3    package="com.laioffer.tinnews"
4    android:versionCode="1"
5    android:versionName="1.0" >
6
7    <uses-sdk
8        android:minSdkVersion="21"
8-->src/main/AndroidManifest.xml
9        android:targetSdkVersion="29" />
9-->src/main/AndroidManifest.xml
10
11    <uses-permission android:name="android.permission.INTERNET" />
11-->src/main/AndroidManifest.xml:4:5-67
11-->src/main/AndroidManifest.xml:4:22-64
12
13    <application
13-->src/main/AndroidManifest.xml:6:5-21:19
14        android:name="com.laioffer.tinnews.TinNewsApplication"
14-->src/main/AndroidManifest.xml:7:9-43
15        android:allowBackup="true"
15-->src/main/AndroidManifest.xml:8:9-35
16        android:appComponentFactory="androidx.core.app.CoreComponentFactory"
16-->[androidx.core:core:1.3.1] AndroidManifest.xml:24:18-86
17        android:debuggable="true"
18        android:icon="@mipmap/ic_launcher"
18-->src/main/AndroidManifest.xml:9:9-43
19        android:label="@string/app_name"
19-->src/main/AndroidManifest.xml:10:9-41
20        android:roundIcon="@mipmap/ic_launcher_round"
20-->src/main/AndroidManifest.xml:11:9-54
21        android:supportsRtl="true"
21-->src/main/AndroidManifest.xml:12:9-35
22        android:testOnly="true"
23        android:theme="@style/Theme.TinNews" >
23-->src/main/AndroidManifest.xml:13:9-45
24        <activity android:name="com.laioffer.tinnews.MainActivity" >
24-->src/main/AndroidManifest.xml:14:9-20:20
24-->src/main/AndroidManifest.xml:14:19-47
25            <intent-filter>
25-->src/main/AndroidManifest.xml:15:13-19:29
26                <action android:name="android.intent.action.MAIN" />
26-->src/main/AndroidManifest.xml:16:17-69
26-->src/main/AndroidManifest.xml:16:25-66
27
28                <category android:name="android.intent.category.LAUNCHER" />
28-->src/main/AndroidManifest.xml:18:17-77
28-->src/main/AndroidManifest.xml:18:27-74
29            </intent-filter>
30        </activity>
31
32        <provider
32-->[com.squareup.picasso:picasso:2.71828] AndroidManifest.xml:8:9-11:40
33            android:name="com.squareup.picasso.PicassoProvider"
33-->[com.squareup.picasso:picasso:2.71828] AndroidManifest.xml:9:13-64
34            android:authorities="com.laioffer.tinnews.com.squareup.picasso"
34-->[com.squareup.picasso:picasso:2.71828] AndroidManifest.xml:10:13-72
35            android:exported="false" />
35-->[com.squareup.picasso:picasso:2.71828] AndroidManifest.xml:11:13-37
36
37        <service
37-->[com.ashokvarma.android:gander:3.1.0] AndroidManifest.xml:12:9-14:40
38            android:name="com.ashokvarma.gander.internal.support.ClearTransactionsService"
38-->[com.ashokvarma.android:gander:3.1.0] AndroidManifest.xml:13:13-91
39            android:exported="false" />
39-->[com.ashokvarma.android:gander:3.1.0] AndroidManifest.xml:14:13-37
40        <service
40-->[com.ashokvarma.android:gander:3.1.0] AndroidManifest.xml:15:9-17:40
41            android:name="com.ashokvarma.gander.internal.support.DismissNotificationService"
41-->[com.ashokvarma.android:gander:3.1.0] AndroidManifest.xml:16:13-93
42            android:exported="false" />
42-->[com.ashokvarma.android:gander:3.1.0] AndroidManifest.xml:17:13-37
43
44        <activity
44-->[com.ashokvarma.android:gander:3.1.0] AndroidManifest.xml:19:9-24:51
45            android:name="com.ashokvarma.gander.internal.ui.list.TransactionListActivity"
45-->[com.ashokvarma.android:gander:3.1.0] AndroidManifest.xml:20:13-90
46            android:label="@string/gander_name"
46-->[com.ashokvarma.android:gander:3.1.0] AndroidManifest.xml:21:13-48
47            android:launchMode="singleTask"
47-->[com.ashokvarma.android:gander:3.1.0] AndroidManifest.xml:22:13-44
48            android:taskAffinity="com.ashokvarma.gander.task"
48-->[com.ashokvarma.android:gander:3.1.0] AndroidManifest.xml:23:13-62
49            android:theme="@style/Gander.Theme" />
49-->[com.ashokvarma.android:gander:3.1.0] AndroidManifest.xml:24:13-48
50        <activity
50-->[com.ashokvarma.android:gander:3.1.0] AndroidManifest.xml:25:9-28:51
51            android:name="com.ashokvarma.gander.internal.ui.details.TransactionDetailsActivity"
51-->[com.ashokvarma.android:gander:3.1.0] AndroidManifest.xml:26:13-96
52            android:parentActivityName="com.ashokvarma.gander.internal.ui.list.TransactionListActivity"
52-->[com.ashokvarma.android:gander:3.1.0] AndroidManifest.xml:27:13-104
53            android:theme="@style/Gander.Theme" />
53-->[com.ashokvarma.android:gander:3.1.0] AndroidManifest.xml:28:13-48
54
55        <provider
55-->[androidx.lifecycle:lifecycle-process:2.2.0] AndroidManifest.xml:25:9-29:43
56            android:name="androidx.lifecycle.ProcessLifecycleOwnerInitializer"
56-->[androidx.lifecycle:lifecycle-process:2.2.0] AndroidManifest.xml:26:13-79
57            android:authorities="com.laioffer.tinnews.lifecycle-process"
57-->[androidx.lifecycle:lifecycle-process:2.2.0] AndroidManifest.xml:27:13-69
58            android:exported="false"
58-->[androidx.lifecycle:lifecycle-process:2.2.0] AndroidManifest.xml:28:13-37
59            android:multiprocess="true" />
59-->[androidx.lifecycle:lifecycle-process:2.2.0] AndroidManifest.xml:29:13-40
60    </application>
61
62</manifest>